<?xml version="1.0" encoding="UTF-8"?>
<!-- Generated by org.testng.reporters.JUnitXMLReporter -->
<testsuite ignored="2" hostname="USMUMSAMJAIN01" failures="0" tests="2" name="Default test" time="4.497" errors="0" timestamp="2023-12-21T13:47:44 IST">
  <testcase classname="test.GETBooking" name="inlineAndPathParameter" time="3.21"/>
  <testcase classname="test.GETBooking" name="pathParameter1" time="1.236"/>
  <testcase classname="test.GETBooking" name="inlinePathParameter" time="0.0">
    <ignored/>
  </testcase> <!-- inlinePathParameter -->
  <testcase classname="test.GETBooking" name="NamedpathParameter" time="0.0">
    <ignored/>
  </testcase> <!-- NamedpathParameter -->
</testsuite> <!-- Default test -->
