<?xml version="1.0" encoding="UTF-8"?>
<!-- Generated by org.testng.reporters.JUnitXMLReporter -->
<testsuite ignored="2" hostname="USMUMSAMJAIN01" failures="0" tests="1" name="Default test" time="3.461" errors="0" timestamp="2021-09-08T21:34:12 IST">
  <testcase classname="test.RestAssuredwithBDD" name="extractResponseBody" time="3.408"/>
  <testcase classname="test.RestAssuredwithBDD" name="CreateBooking" time="0.0">
    <ignored/>
  </testcase> <!-- CreateBooking -->
  <testcase classname="test.RestAssuredwithBDD" name="test1" time="0.0">
    <ignored/>
  </testcase> <!-- test1 -->
</testsuite> <!-- Default test -->
