<?xml version="1.0" encoding="UTF-8"?>
<testng-results ignored="2" total="3" passed="1" failed="0" skipped="0">
  <reporter-output>
  </reporter-output>
  <suite started-at="2021-09-08T21:34:09 IST" name="Default suite" finished-at="2021-09-08T21:34:12 IST" duration-ms="3461">
    <groups>
    </groups>
    <test started-at="2021-09-08T21:34:09 IST" name="Default test" finished-at="2021-09-08T21:34:12 IST" duration-ms="3461">
      <class name="test.RestAssuredwithBDD">
        <test-method signature="extractResponseBody()[pri:0, instance:test.RestAssuredwithBDD@346d61be]" started-at="2021-09-08T21:34:09 IST" name="extractResponseBody" finished-at="2021-09-08T21:34:12 IST" duration-ms="3408" status="PASS">
          <reporter-output>
          </reporter-output>
        </test-method> <!-- extractResponseBody -->
      </class> <!-- test.RestAssuredwithBDD -->
    </test> <!-- Default test -->
  </suite> <!-- Default suite -->
</testng-results>
